[debug] [2021-09-30T08:22:59.607Z] ----------------------------------------------------------------------
[debug] [2021-09-30T08:22:59.610Z] Command:       /usr/local/bin/node /usr/local/bin/firebase init
[debug] [2021-09-30T08:22:59.610Z] CLI Version:   9.18.0
[debug] [2021-09-30T08:22:59.610Z] Platform:      linux
[debug] [2021-09-30T08:22:59.611Z] Node Version:  v16.1.0
[debug] [2021-09-30T08:22:59.611Z] Time:          Thu Sep 30 2021 13:22:59 GMT+0500 (Uzbekistan Standard Time)
[debug] [2021-09-30T08:22:59.611Z] ----------------------------------------------------------------------
[debug] 
[debug] [2021-09-30T08:22:59.619Z] > command requires scopes: ["email","openid","https://www.googleapis.com/auth/cloudplatformprojects.readonly","https://www.googleapis.com/auth/firebase","https://www.googleapis.com/auth/cloud-platform"]
[debug] [2021-09-30T08:22:59.620Z] > authorizing via signed-in user (bahromkhujas@gmail.com)
[info] 
     ######## #### ########  ######## ########     ###     ######  ########
     ##        ##  ##     ## ##       ##     ##  ##   ##  ##       ##
     ######    ##  ########  ######   ########  #########  ######  ######
     ##        ##  ##    ##  ##       ##     ## ##     ##       ## ##
     ##       #### ##     ## ######## ########  ##     ##  ######  ########

You're about to initialize a Firebase project in this directory:

  /home/bahromhuja/Desktop/react-amazon

[info] 
=== Project Setup
[info] 
[info] First, let's associate this project directory with a Firebase project.
[info] You can create multiple project aliases by running firebase use --add, 
[info] but for now we'll just set up a default project.
[info] 
[debug] [2021-09-30T08:24:27.696Z] >>> [apiv2][query] GET https://firebase.googleapis.com/v1beta1/projects pageSize=100
[debug] [2021-09-30T08:24:28.806Z] <<< [apiv2][status] GET https://firebase.googleapis.com/v1beta1/projects 200
[debug] [2021-09-30T08:24:28.806Z] <<< [apiv2][body] GET https://firebase.googleapis.com/v1beta1/projects [omitted]
[info] i  Using project clone-ec34f (amazon-clone) 
[info] 
=== Hosting:github Setup
[info] 
[info] i  Detected a .git folder at /home/bahromhuja 
[info] i  Authorizing with GitHub to upload your service account to a GitHub repository's secrets store. 
[info] 
[info] Visit this URL on this device to log in:
[info] https://github.com/login/oauth/authorize?client_id=89cf50f02ac6aaed3484&state=589860833&redirect_uri=http%3A%2F%2Flocalhost%3A9005&scope=read%3Auser%20repo%20public_repo
[info] 
[info] Waiting for authentication...
[debug] [2021-09-30T08:24:47.246Z] >>> HTTP REQUEST POST https://github.com/login/oauth/access_token  
 {"client_id":"89cf50f02ac6aaed3484","client_secret":"3330d14abc895d9a74d5f17cd7a00711fa2c5bf0","code":"d54a8762e168e872ebad","redirect_uri":"http://localhost:9005","state":"589860833"}
[debug] [2021-09-30T08:24:47.726Z] <<< HTTP RESPONSE 200 {"server":"GitHub.com","date":"Thu, 30 Sep 2021 08:24:47 GMT","content-type":"application/json; charset=utf-8","transfer-encoding":"chunked","vary":"X-PJAX, X-PJAX-Container, Accept-Encoding, Accept, X-Requested-With","permissions-policy":"interest-cohort=()","etag":"W/\"33149a1375a998a2a708452ccdde1897\"","cache-control":"max-age=0, private, must-revalidate","strict-transport-security":"max-age=31536000; includeSubdomains; preload","x-frame-options":"deny","x-content-type-options":"nosniff","x-xss-protection":"0","referrer-policy":"origin-when-cross-origin, strict-origin-when-cross-origin","expect-ct":"max-age=2592000, report-uri=\"https://api.github.com/_private/browser/errors\"","content-security-policy":"default-src 'none'; base-uri 'self'; block-all-mixed-content; child-src github.com/javascripts/worker/ gist.github.com/javascripts/worker/; connect-src 'self' uploads.github.com www.githubstatus.com collector.githubapp.com api.github.com github-cloud.s3.amazonaws.com github-production-repository-file-5c1aeb.s3.amazonaws.com github-production-upload-manifest-file-7fdce7.s3.amazonaws.com github-production-user-asset-6210df.s3.amazonaws.com cdn.optimizely.com logx.optimizely.com/v1/events translator.github.com wss://alive.github.com; font-src github.githubassets.com; form-action 'self' github.com gist.github.com; frame-ancestors 'none'; frame-src render.githubusercontent.com viewscreen.githubusercontent.com viewscreen-lab.githubusercontent.com; img-src 'self' data: github.githubassets.com identicons.github.com collector.githubapp.com github-cloud.s3.amazonaws.com secured-user-images.githubusercontent.com/ *.githubusercontent.com; manifest-src 'self'; media-src github.com user-images.githubusercontent.com/; script-src github.githubassets.com; style-src 'unsafe-inline' github.githubassets.com; worker-src github.com/javascripts/worker/ gist.github.com/javascripts/worker/ github.com/socket-worker-0af8a29d.js gist.github.com/socket-worker-0af8a29d.js","x-github-request-id":"9204:11A82:B359D:BCDC2:6155744F"}
[debug] [2021-09-30T08:24:47.732Z] >>> [apiv2][query] GET https://api.github.com/user [none]
[debug] [2021-09-30T08:24:48.557Z] <<< [apiv2][status] GET https://api.github.com/user 200
[debug] [2021-09-30T08:24:48.558Z] <<< [apiv2][body] GET https://api.github.com/user {"login":"baxromxojasultonxojayev","id":74825957,"node_id":"MDQ6VXNlcjc0ODI1OTU3","avatar_url":"https://avatars.githubusercontent.com/u/74825957?v=4","gravatar_id":"","url":"https://api.github.com/users/baxromxojasultonxojayev","html_url":"https://github.com/baxromxojasultonxojayev","followers_url":"https://api.github.com/users/baxromxojasultonxojayev/followers","following_url":"https://api.github.com/users/baxromxojasultonxojayev/following{/other_user}","gists_url":"https://api.github.com/users/baxromxojasultonxojayev/gists{/gist_id}","starred_url":"https://api.github.com/users/baxromxojasultonxojayev/starred{/owner}{/repo}","subscriptions_url":"https://api.github.com/users/baxromxojasultonxojayev/subscriptions","organizations_url":"https://api.github.com/users/baxromxojasultonxojayev/orgs","repos_url":"https://api.github.com/users/baxromxojasultonxojayev/repos","events_url":"https://api.github.com/users/baxromxojasultonxojayev/events{/privacy}","received_events_url":"https://api.github.com/users/baxromxojasultonxojayev/received_events","type":"User","site_admin":false,"name":null,"company":null,"blog":"","location":null,"email":null,"hireable":null,"bio":null,"twitter_username":null,"public_repos":43,"public_gists":0,"followers":4,"following":5,"created_at":"2020-11-21T14:38:59Z","updated_at":"2021-08-28T00:21:49Z","private_gists":0,"total_private_repos":3,"owned_private_repos":3,"disk_usage":92128,"collaborators":0,"two_factor_authentication":false,"plan":{"name":"free","space":976562499,"collaborators":0,"private_repos":10000}}
[info] 
[info] ✔  Success! Logged into GitHub as baxromxojasultonxojayev 
[info] 
